Using pre-set license
Built from '2020.2/staging' branch; Version is '2020.2.6f1 (8a2143876886) revision 9052483'; Using compiler version '192528614'; Build Type 'Release'
OS: 'Windows 10 Pro; OS build 19042.1348; Version 2009; 64bit' Language: 'ru' Physical Memory: 16347 MB
BatchMode: 1, IsHumanControllingUs: 0, StartBugReporterOnCrash: 0, Is64bit: 1, IsPro: 0

 COMMAND LINE ARGUMENTS:
C:\Program Files\Unity\Hub\Editor\2020.2.6f1\Editor\Unity.exe
-adb2
-batchMode
-noUpm
-name
AssetImportWorker0
-projectPath
C:/Users/HTC Vive/Documents/GitHub/RubiusImage/RubiusImage
-logFile
Logs/AssetImportWorker0.log
-srvPort
62377
Successfully changed project path to: C:/Users/HTC Vive/Documents/GitHub/RubiusImage/RubiusImage
C:/Users/HTC Vive/Documents/GitHub/RubiusImage/RubiusImage
Using Asset Import Pipeline V2.
Refreshing native plugins compatible for Editor in 19.64 ms, found 0 plugins.
Preloading 0 native plugins for Editor in 0.00 ms.
Initialize engine version: 2020.2.6f1 (8a2143876886)
[Subsystems] Discovering subsystems at path C:/Program Files/Unity/Hub/Editor/2020.2.6f1/Editor/Data/Resources/UnitySubsystems
[Subsystems] Discovering subsystems at path C:/Users/HTC Vive/Documents/GitHub/RubiusImage/RubiusImage/Assets
GfxDevice: creating device client; threaded=0
Direct3D:
    Version:  Direct3D 11.0 [level 11.1]
    Renderer: NVIDIA GeForce GTX 1070 (ID=0x1b81)
    Vendor:   
    VRAM:     8088 MB
    Driver:   27.21.14.5671
Initialize mono
Mono path[0] = 'C:/Program Files/Unity/Hub/Editor/2020.2.6f1/Editor/Data/Managed'
Mono path[1] = 'C:/Program Files/Unity/Hub/Editor/2020.2.6f1/Editor/Data/MonoBleedingEdge/lib/mono/unityjit'
Mono config path = 'C:/Program Files/Unity/Hub/Editor/2020.2.6f1/Editor/Data/MonoBleedingEdge/etc'
Using monoOptions --debugger-agent=transport=dt_socket,embedding=1,server=y,suspend=n,address=127.0.0.1:56012
Begin MonoManager ReloadAssembly
Registering precompiled unity dll's ...
Register platform support module: C:/Program Files/Unity/Hub/Editor/2020.2.6f1/Editor/Data/PlaybackEngines/WindowsStandaloneSupport/UnityEditor.WindowsStandalone.Extensions.dll
Registered in 0.001373 seconds.
Native extension for WindowsStandalone target not found
Refreshing native plugins compatible for Editor in 18.80 ms, found 0 plugins.
Preloading 0 native plugins for Editor in 0.00 ms.
Invoked RoslynAnalysisRunner static constructor.
RoslynAnalysisRunner will not be running.
RoslynAnalysisRunner has terminated.
Mono: successfully reloaded assembly
- Completed reload, in  1.350 seconds
Platform modules already initialized, skipping
Registering precompiled user dll's ...
Registered in 0.001780 seconds.
Begin MonoManager ReloadAssembly
Native extension for WindowsStandalone target not found
Refreshing native plugins compatible for Editor in 0.20 ms, found 0 plugins.
Preloading 0 native plugins for Editor in 0.00 ms.
Invoked RoslynAnalysisRunner static constructor.
RoslynAnalysisRunner will not be running.
RoslynAnalysisRunner has terminated.
Mono: successfully reloaded assembly
- Completed reload, in  0.645 seconds
Platform modules already initialized, skipping
========================================================================
Worker process is ready to serve import requests
Launched and connected shader compiler UnityShaderCompiler.exe after 0.03 seconds
Refreshing native plugins compatible for Editor in 0.19 ms, found 0 plugins.
Preloading 0 native plugins for Editor in 0.00 ms.
Unloading 1139 Unused Serialized files (Serialized files now loaded: 0)
System memory in use before: 59.2 MB.
System memory in use after: 59.3 MB.

Unloading 13 unused Assets to reduce memory usage. Loaded Objects now: 1584.
Total: 1.460100 ms (FindLiveObjects: 0.146100 ms CreateObjectMapping: 0.032700 ms MarkObjects: 1.211800 ms  DeleteObjects: 0.068600 ms)

========================================================================
Received Import Request.
  path: Assets/RubiusImage/Interface/Card
  artifactKey: Guid(7ac1fe374c8b2174e8b9fe328ff73721) Importer(815301076,1909f56bfc062723c751e8b465ee728b)
Start importing Assets/RubiusImage/Interface/Card using Guid(7ac1fe374c8b2174e8b9fe328ff73721) Importer(815301076,1909f56bfc062723c751e8b465ee728b)  -> (artifact id: '1b22b2781fe2825728abec65a503c071') in 0.008046 seconds
  Import took 0.009774 seconds .

========================================================================
Received Import Request.
  Time since last request: 2.285491 seconds.
  path: Assets/RubiusImage/Interface/Card/Card.prefab
  artifactKey: Guid(83227d88ffef9d24da812214cfb3bb44) Importer(815301076,1909f56bfc062723c751e8b465ee728b)
Start importing Assets/RubiusImage/Interface/Card/Card.prefab using Guid(83227d88ffef9d24da812214cfb3bb44) Importer(815301076,1909f56bfc062723c751e8b465ee728b)  -> (artifact id: 'cd9987b9f3cf4474f2a5f7fc1c3a0b1d') in 0.042152 seconds
  Import took 0.043833 seconds .

========================================================================
Received Prepare
Registering precompiled user dll's ...
Registered in 0.001576 seconds.
Begin MonoManager ReloadAssembly
Native extension for WindowsStandalone target not found
Refreshing native plugins compatible for Editor in 0.19 ms, found 0 plugins.
Preloading 0 native plugins for Editor in 0.00 ms.
Invoked RoslynAnalysisRunner static constructor.
RoslynAnalysisRunner will not be running.
RoslynAnalysisRunner has terminated.
Mono: successfully reloaded assembly
- Completed reload, in  0.586 seconds
Platform modules already initialized, skipping
Refreshing native plugins compatible for Editor in 0.19 ms, found 0 plugins.
Preloading 0 native plugins for Editor in 0.00 ms.
Unloading 1121 Unused Serialized files (Serialized files now loaded: 0)
System memory in use before: 58.1 MB.
System memory in use after: 58.2 MB.

Unloading 8 unused Assets to reduce memory usage. Loaded Objects now: 1586.
Total: 1.436100 ms (FindLiveObjects: 0.108300 ms CreateObjectMapping: 0.029900 ms MarkObjects: 1.252100 ms  DeleteObjects: 0.045100 ms)

========================================================================
Received Prepare
Registering precompiled user dll's ...
Registered in 0.001560 seconds.
Begin MonoManager ReloadAssembly
Native extension for WindowsStandalone target not found
Refreshing native plugins compatible for Editor in 0.19 ms, found 0 plugins.
Preloading 0 native plugins for Editor in 0.00 ms.
Invoked RoslynAnalysisRunner static constructor.
RoslynAnalysisRunner will not be running.
RoslynAnalysisRunner has terminated.
Mono: successfully reloaded assembly
- Completed reload, in  0.583 seconds
Platform modules already initialized, skipping
Refreshing native plugins compatible for Editor in 0.20 ms, found 0 plugins.
Preloading 0 native plugins for Editor in 0.00 ms.
Unloading 1121 Unused Serialized files (Serialized files now loaded: 0)
System memory in use before: 58.2 MB.
System memory in use after: 58.2 MB.

Unloading 8 unused Assets to reduce memory usage. Loaded Objects now: 1588.
Total: 1.538200 ms (FindLiveObjects: 0.117100 ms CreateObjectMapping: 0.029000 ms MarkObjects: 1.342900 ms  DeleteObjects: 0.047900 ms)

AssetImportWorkerClient::OnTransportError - code=2 error=End of file
